{
  "stats": {
    "suites": 1,
    "tests": 1,
    "passes": 1,
    "pending": 0,
    "failures": 0,
    "start": "2023-04-24T13:15:25.219Z",
    "end": "2023-04-24T13:15:28.034Z",
    "duration": 2815,
    "testsRegistered": 1,
    "passPercent": 100,
    "pendingPercent": 0,
    "other": 0,
    "hasOther": false,
    "skipped": 0,
    "hasSkipped": false
  },
  "results": [
    {
      "uuid": "6fa4e11e-433e-4cb9-86dd-c852770db59b",
      "title": "",
      "fullFile": "cypress\\e2e\\checkout.cy.js",
      "file": "cypress\\e2e\\checkout.cy.js",
      "beforeHooks": [],
      "afterHooks": [],
      "tests": [],
      "suites": [
        {
          "uuid": "d12643fa-e34a-4ef1-837b-03b81ebf9894",
          "title": "Checkout",
          "fullFile": "",
          "file": "",
          "beforeHooks": [],
          "afterHooks": [],
          "tests": [
            {
              "title": "deve realizar checkout com sucesso",
              "fullTitle": "Checkout deve realizar checkout com sucesso",
              "timedOut": null,
              "duration": 2751,
              "state": "passed",
              "speed": "fast",
              "pass": true,
              "fail": false,
              "pending": false,
              "context": null,
              "code": "let nome = _faker.faker.name.firstName;\nlet sobrenome = _faker.faker.name.lastName;\nlet pais = _faker.faker.address.countryCode;\nlet rua = _faker.faker.address.streetName;\nlet cidade = _faker.faker.address.city;\nlet estado = _faker.faker.address.countryCode;\nlet cep = _faker.faker.address.zipCode;\nlet fone = _faker.faker.phone.number;\nlet email = _faker.faker.internet.email();\ncy.adicionaProduto();\ncy.checkout(nome, sobrenome, pais, rua, cidade, estado, cep, fone, email);",
              "err": {},
              "uuid": "520223c6-67b2-4612-853d-b9f83f44fe53",
              "parentUUID": "d12643fa-e34a-4ef1-837b-03b81ebf9894",
              "isHook": false,
              "skipped": false
            }
          ],
          "suites": [],
          "passes": [
            "520223c6-67b2-4612-853d-b9f83f44fe53"
          ],
          "failures": [],
          "pending": [],
          "skipped": [],
          "duration": 2751,
          "root": false,
          "rootEmpty": false,
          "_timeout": 2000
        }
      ],
      "passes": [],
      "failures": [],
      "pending": [],
      "skipped": [],
      "duration": 0,
      "root": true,
      "rootEmpty": true,
      "_timeout": 2000
    }
  ],
  "meta": {
    "mocha": {
      "version": "7.0.1"
    },
    "mochawesome": {
      "options": {
        "quiet": false,
        "reportFilename": "mochawesome",
        "saveHtml": true,
        "saveJson": true,
        "consoleReporter": "spec",
        "useInlineDiffs": false,
        "code": true
      },
      "version": "7.1.3"
    },
    "marge": {
      "options": {
        "reportDir": "cypress/results",
        "overwrite": false,
        "html": true,
        "json": true
      },
      "version": "6.2.0"
    }
  }
}