{
  "stats": {
    "suites": 1,
    "tests": 1,
    "passes": 1,
    "pending": 0,
    "failures": 0,
    "start": "2023-03-06T17:43:22.895Z",
    "end": "2023-03-06T17:43:24.261Z",
    "duration": 1366,
    "testsRegistered": 1,
    "passPercent": 100,
    "pendingPercent": 0,
    "other": 0,
    "hasOther": false,
    "skipped": 0,
    "hasSkipped": false
  },
  "results": [
    {
      "uuid": "bb531535-3234-4404-b088-e6e7b6f3082f",
      "title": "",
      "fullFile": "cypress\\e2e\\checkout.cy.js",
      "file": "cypress\\e2e\\checkout.cy.js",
      "beforeHooks": [],
      "afterHooks": [],
      "tests": [],
      "suites": [
        {
          "uuid": "5a72f63f-4df5-42a3-8f8b-610b45ae0aee",
          "title": "Checkout",
          "fullFile": "",
          "file": "",
          "beforeHooks": [],
          "afterHooks": [],
          "tests": [
            {
              "title": "deve realizar checkout com sucesso",
              "fullTitle": "Checkout deve realizar checkout com sucesso",
              "timedOut": null,
              "duration": 1321,
              "state": "passed",
              "speed": "fast",
              "pass": true,
              "fail": false,
              "pending": false,
              "context": null,
              "code": "let nome = _faker.faker.name.firstName;\nlet sobrenome = _faker.faker.name.lastName;\nlet pais = _faker.faker.address.countryCode;\nlet rua = _faker.faker.address.streetName;\nlet cidade = _faker.faker.address.city;\nlet estado = _faker.faker.address.countryCode;\nlet cep = _faker.faker.address.zipCode;\nlet fone = _faker.faker.phone.number;\nlet email = _faker.faker.internet.email();\ncy.adicionaProduto();\ncy.checkout(nome, sobrenome, pais, rua, cidade, estado, cep, fone, email);",
              "err": {},
              "uuid": "eff3d0c6-b975-406d-b7cf-53024e9a50bc",
              "parentUUID": "5a72f63f-4df5-42a3-8f8b-610b45ae0aee",
              "isHook": false,
              "skipped": false
            }
          ],
          "suites": [],
          "passes": [
            "eff3d0c6-b975-406d-b7cf-53024e9a50bc"
          ],
          "failures": [],
          "pending": [],
          "skipped": [],
          "duration": 1321,
          "root": false,
          "rootEmpty": false,
          "_timeout": 2000
        }
      ],
      "passes": [],
      "failures": [],
      "pending": [],
      "skipped": [],
      "duration": 0,
      "root": true,
      "rootEmpty": true,
      "_timeout": 2000
    }
  ],
  "meta": {
    "mocha": {
      "version": "7.0.1"
    },
    "mochawesome": {
      "options": {
        "quiet": false,
        "reportFilename": "mochawesome",
        "saveHtml": false,
        "saveJson": true,
        "consoleReporter": "spec",
        "useInlineDiffs": false,
        "code": true
      },
      "version": "7.1.3"
    },
    "marge": {
      "options": {
        "reportDir": "cypress/results",
        "overwrite": false,
        "html": false,
        "json": true
      },
      "version": "6.2.0"
    }
  }
}