{
  "stats": {
    "suites": 1,
    "tests": 3,
    "passes": 3,
    "pending": 0,
    "failures": 0,
    "start": "2023-04-24T13:13:49.434Z",
    "end": "2023-04-24T13:14:33.592Z",
    "duration": 44158,
    "testsRegistered": 3,
    "passPercent": 100,
    "pendingPercent": 0,
    "other": 0,
    "hasOther": false,
    "skipped": 0,
    "hasSkipped": false
  },
  "results": [
    {
      "uuid": "1a318c3d-156a-4659-a5b8-151d2eac074f",
      "title": "",
      "fullFile": "cypress\\e2e\\carrinho.cy.js",
      "file": "cypress\\e2e\\carrinho.cy.js",
      "beforeHooks": [],
      "afterHooks": [],
      "tests": [],
      "suites": [
        {
          "uuid": "fc1ca8c1-fe82-40f9-bf3a-9c3ef1d4ee9e",
          "title": "Operações no carrinho",
          "fullFile": "",
          "file": "",
          "beforeHooks": [],
          "afterHooks": [],
          "tests": [
            {
              "title": "deve adicionar item no carrinho com sucesso",
              "fullTitle": "Operações no carrinho deve adicionar item no carrinho com sucesso",
              "timedOut": null,
              "duration": 17063,
              "state": "passed",
              "speed": "slow",
              "pass": true,
              "fail": false,
              "pending": false,
              "context": null,
              "code": "let mensagem = \"\\n                      Ver carrinho\\n                      “Augusta Pullover Jacket” foi adicionado no\\n                      seu carrinho.\\n                    \";\n_productPage.default.validaMensagemAdicionado(mensagem);",
              "err": {},
              "uuid": "48cea3e2-6ff1-46ce-b41e-a9504c323385",
              "parentUUID": "fc1ca8c1-fe82-40f9-bf3a-9c3ef1d4ee9e",
              "isHook": false,
              "skipped": false
            },
            {
              "title": "deve atualizar um item do carrinho com sucesso",
              "fullTitle": "Operações no carrinho deve atualizar um item do carrinho com sucesso",
              "timedOut": null,
              "duration": 13461,
              "state": "passed",
              "speed": "slow",
              "pass": true,
              "fail": false,
              "pending": false,
              "context": null,
              "code": "let mensagem = \"Carrinho atualizado.\";\nlet quantidade = Math.floor(Math.random() * 10);\n_productPage.default.irParaCarrinho();\n_carrinhoPage.default.atualizaCarrinho(quantidade);\n_carrinhoPage.default.validaMensagemAdicionado(mensagem);",
              "err": {},
              "uuid": "cacaf473-f6b6-4e4c-8efd-2d1f91e73b06",
              "parentUUID": "fc1ca8c1-fe82-40f9-bf3a-9c3ef1d4ee9e",
              "isHook": false,
              "skipped": false
            },
            {
              "title": "deve remover item do carrinho com sucesso",
              "fullTitle": "Operações no carrinho deve remover item do carrinho com sucesso",
              "timedOut": null,
              "duration": 13352,
              "state": "passed",
              "speed": "slow",
              "pass": true,
              "fail": false,
              "pending": false,
              "context": null,
              "code": "let mensagem = \"“Augusta Pullover Jacket” removido.\";\n_productPage.default.irParaCarrinho();\n_carrinhoPage.default.removeItem();\n_carrinhoPage.default.validaMensagemAdicionado(mensagem);",
              "err": {},
              "uuid": "0d1ca6de-8b41-4aab-bc08-771d7691e89e",
              "parentUUID": "fc1ca8c1-fe82-40f9-bf3a-9c3ef1d4ee9e",
              "isHook": false,
              "skipped": false
            }
          ],
          "suites": [],
          "passes": [
            "48cea3e2-6ff1-46ce-b41e-a9504c323385",
            "cacaf473-f6b6-4e4c-8efd-2d1f91e73b06",
            "0d1ca6de-8b41-4aab-bc08-771d7691e89e"
          ],
          "failures": [],
          "pending": [],
          "skipped": [],
          "duration": 43876,
          "root": false,
          "rootEmpty": false,
          "_timeout": 2000
        }
      ],
      "passes": [],
      "failures": [],
      "pending": [],
      "skipped": [],
      "duration": 0,
      "root": true,
      "rootEmpty": true,
      "_timeout": 2000
    }
  ],
  "meta": {
    "mocha": {
      "version": "7.0.1"
    },
    "mochawesome": {
      "options": {
        "quiet": false,
        "reportFilename": "mochawesome",
        "saveHtml": true,
        "saveJson": true,
        "consoleReporter": "spec",
        "useInlineDiffs": false,
        "code": true
      },
      "version": "7.1.3"
    },
    "marge": {
      "options": {
        "reportDir": "cypress/results",
        "overwrite": false,
        "html": true,
        "json": true
      },
      "version": "6.2.0"
    }
  }
}